# JRE version: Java(TM) SE Runtime Environment (8.0_271-b09) (build 1.8.0_271-b09)
# Java VM: Java HotSpot(TM) 64-Bit Server VM (25.271-b09 mixed mode windows-amd64 compressed oops)
Heap:
 PSYoungGen      total 36352K, used 16106K [0x00000000d7d80000, 0x00000000dc480000, 0x0000000100000000)
  eden space 31232K, 35% used [0x00000000d7d80000,0x00000000d8842b18,0x00000000d9c00000)
  from space 5120K, 99% used [0x00000000dbf80000,0x00000000dc478040,0x00000000dc480000)
  to   space 5120K, 0% used [0x00000000d9c00000,0x00000000d9c00000,0x00000000da100000)
 ParOldGen       total 83456K, used 7682K [0x0000000087800000, 0x000000008c980000, 0x00000000d7d80000)
  object space 83456K, 9% used [0x0000000087800000,0x0000000087f809b8,0x000000008c980000)
 Metaspace       used 15274K, capacity 15644K, committed 15872K, reserved 1062912K
  class space    used 1931K, capacity 2043K, committed 2048K, reserved 1048576K
GC Heap History (4 events):
Event: 1.058 GC heap before
{Heap before GC invocations=1 (full 0):
 PSYoungGen      total 36352K, used 29767K [0x00000000d7d80000, 0x00000000da600000, 0x0000000100000000)
  eden space 31232K, 95% used [0x00000000d7d80000,0x00000000d9a91c28,0x00000000d9c00000)
  from space 5120K, 0% used [0x00000000da100000,0x00000000da100000,0x00000000da600000)
  to   space 5120K, 0% used [0x00000000d9c00000,0x00000000d9c00000,0x00000000da100000)
 ParOldGen       total 83456K, used 0K [0x0000000087800000, 0x000000008c980000, 0x00000000d7d80000)
  object space 83456K, 0% used [0x0000000087800000,0x0000000087800000,0x000000008c980000)
 Metaspace       used 14939K, capacity 15216K, committed 15616K, reserved 1062912K
  class space    used 1901K, capacity 1977K, committed 2048K, reserved 1048576K
Event: 1.073 GC heap after
Heap after GC invocations=1 (full 0):
 PSYoungGen      total 36352K, used 5090K [0x00000000d7d80000, 0x00000000dc480000, 0x0000000100000000)
  eden space 31232K, 0% used [0x00000000d7d80000,0x00000000d7d80000,0x00000000d9c00000)
  from space 5120K, 99% used [0x00000000d9c00000,0x00000000da0f8aa0,0x00000000da100000)
  to   space 5120K, 0% used [0x00000000dbf80000,0x00000000dbf80000,0x00000000dc480000)
 ParOldGen       total 83456K, used 2935K [0x0000000087800000, 0x000000008c980000, 0x00000000d7d80000)
  object space 83456K, 3% used [0x0000000087800000,0x0000000087addef8,0x000000008c980000)
 Metaspace       used 14939K, capacity 15216K, committed 15616K, reserved 1062912K
  class space    used 1901K, capacity 1977K, committed 2048K, reserved 1048576K
}
Event: 27.768 GC heap before
{Heap before GC invocations=2 (full 0):
 PSYoungGen      total 36352K, used 36322K [0x00000000d7d80000, 0x00000000dc480000, 0x0000000100000000)
  eden space 31232K, 100% used [0x00000000d7d80000,0x00000000d9c00000,0x00000000d9c00000)
  from space 5120K, 99% used [0x00000000d9c00000,0x00000000da0f8aa0,0x00000000da100000)
  to   space 5120K, 0% used [0x00000000dbf80000,0x00000000dbf80000,0x00000000dc480000)
 ParOldGen       total 83456K, used 2935K [0x0000000087800000, 0x000000008c980000, 0x00000000d7d80000)
  object space 83456K, 3% used [0x0000000087800000,0x0000000087addef8,0x000000008c980000)
 Metaspace       used 15257K, capacity 15644K, committed 15872K, reserved 1062912K
  class space    used 1930K, capacity 2043K, committed 2048K, reserved 1048576K
Event: 27.780 GC heap after
Heap after GC invocations=2 (full 0):
 PSYoungGen      total 36352K, used 5088K [0x00000000d7d80000, 0x00000000dc480000, 0x0000000100000000)
  eden space 31232K, 0% used [0x00000000d7d80000,0x00000000d7d80000,0x00000000d9c00000)
  from space 5120K, 99% used [0x00000000dbf80000,0x00000000dc478040,0x00000000dc480000)
  to   space 5120K, 0% used [0x00000000d9c00000,0x00000000d9c00000,0x00000000da100000)
 ParOldGen       total 83456K, used 7682K [0x0000000087800000, 0x000000008c980000, 0x00000000d7d80000)
  object space 83456K, 9% used [0x0000000087800000,0x0000000087f809b8,0x000000008c980000)
 Metaspace       used 15257K, capacity 15644K, committed 15872K, reserved 1062912K
  class space    used 1930K, capacity 2043K, committed 2048K, reserved 1048576K
}

